C:\USERS\Даша\DESKTOP\4сем\МЗЯП\LAB12\LAB12\LAB12\DEBUG\LAB12.OBJ
C:\USERS\Даша\DESKTOP\4сем\МЗЯП\LAB12\LAB12\LAB12\DEBUG\STDAFX.OBJ
C:\USERS\ДАША\DESKTOP\4СЕМ\МЗЯП\LAB12\LAB12\LAB12\DEBUG\VC110.PDB
C:\Users\Даша\Desktop\4сем\МЗЯП\lab12\lab12\lab12\Debug\MacroLib.obj
C:\USERS\Даша\DESKTOP\4сем\МЗЯП\LAB12\LAB12\DEBUG\LAB12.ILK
C:\USERS\Даша\DESKTOP\4сем\МЗЯП\LAB12\LAB12\DEBUG\LAB12.EXE
C:\USERS\ДАША\DESKTOP\4СЕМ\МЗЯП\LAB12\LAB12\DEBUG\LAB12.PDB
C:\Users\Даша\Desktop\4сем\МЗЯП\lab12\lab12\lab12\Debug\lab12.obj
C:\Users\Даша\Desktop\4сем\МЗЯП\lab12\lab12\lab12\Debug\stdafx.obj
C:\Users\Даша\Desktop\4сем\МЗЯП\lab12\lab12\lab12\Debug\cl.command.1.tlog
C:\Users\Даша\Desktop\4сем\МЗЯП\lab12\lab12\lab12\Debug\CL.read.1.tlog
C:\Users\Даша\Desktop\4сем\МЗЯП\lab12\lab12\lab12\Debug\CL.write.1.tlog
C:\Users\Даша\Desktop\4сем\МЗЯП\lab12\lab12\lab12\Debug\lab12.write.1.tlog
C:\Users\Даша\Desktop\4сем\МЗЯП\lab12\lab12\lab12\Debug\link-cvtres.read.1.tlog
C:\Users\Даша\Desktop\4сем\МЗЯП\lab12\lab12\lab12\Debug\link-cvtres.write.1.tlog
C:\Users\Даша\Desktop\4сем\МЗЯП\lab12\lab12\lab12\Debug\link-rc.read.1.tlog
C:\Users\Даша\Desktop\4сем\МЗЯП\lab12\lab12\lab12\Debug\link-rc.write.1.tlog
C:\Users\Даша\Desktop\4сем\МЗЯП\lab12\lab12\lab12\Debug\link.command.1.tlog
C:\Users\Даша\Desktop\4сем\МЗЯП\lab12\lab12\lab12\Debug\link.read.1.tlog
C:\Users\Даша\Desktop\4сем\МЗЯП\lab12\lab12\lab12\Debug\link.write.1.tlog
C:\Users\Даша\Desktop\4сем\МЗЯП\lab12\lab12\lab12\Debug\vc110.idb
C:\Users\Даша\Desktop\4сем\МЗЯП\lab12\lab12\lab12\Debug\vc110.pdb
C:\Users\Даша\Desktop\4сем\МЗЯП\lab12\lab12\Debug\lab12.pdb
C:\Users\Даша\Desktop\4сем\МЗЯП\lab12\lab12\Debug\lab12.exe
C:\Users\Даша\Desktop\4сем\МЗЯП\lab12\lab12\Debug\lab12.ilk
