D:\DOCUMENTS\Ассемблер\ЛР10VS C++СТРОКИ\LAB_10\LAB_10\DEBUG\LAB_10.PCH
D:\DOCUMENTS\Ассемблер\ЛР10VS C++СТРОКИ\LAB_10\LAB_10\DEBUG\STDAFX.OBJ
D:\DOCUMENTS\АССЕМБЛЕР\ЛР10VS C++СТРОКИ\LAB_10\LAB_10\DEBUG\VC110.PDB
D:\DOCUMENTS\Ассемблер\ЛР10VS C++СТРОКИ\LAB_10\LAB_10\DEBUG\LAB_10.OBJ
D:\Documents\Ассемблер\ЛР10VS C++СТРОКИ\lab_10\lab_10\Debug\DlinaStroki.obj
D:\Documents\Ассемблер\ЛР10VS C++СТРОКИ\lab_10\lab_10\Debug\CopyStr.obj
D:\DOCUMENTS\Ассемблер\ЛР10VS C++СТРОКИ\LAB_10\DEBUG\LAB_10.ILK
D:\DOCUMENTS\Ассемблер\ЛР10VS C++СТРОКИ\LAB_10\DEBUG\LAB_10.EXE
D:\DOCUMENTS\АССЕМБЛЕР\ЛР10VS C++СТРОКИ\LAB_10\DEBUG\LAB_10.PDB
D:\Documents\Ассемблер\ЛР10VS C++СТРОКИ\lab_10\lab_10\Debug\lab_10.obj
D:\Documents\Ассемблер\ЛР10VS C++СТРОКИ\lab_10\lab_10\Debug\stdafx.obj
D:\Documents\Ассемблер\ЛР10VS C++СТРОКИ\lab_10\lab_10\Debug\cl.command.1.tlog
D:\Documents\Ассемблер\ЛР10VS C++СТРОКИ\lab_10\lab_10\Debug\CL.read.1.tlog
D:\Documents\Ассемблер\ЛР10VS C++СТРОКИ\lab_10\lab_10\Debug\CL.write.1.tlog
D:\Documents\Ассемблер\ЛР10VS C++СТРОКИ\lab_10\lab_10\Debug\lab_10.write.1.tlog
D:\Documents\Ассемблер\ЛР10VS C++СТРОКИ\lab_10\lab_10\Debug\link-cvtres.read.1.tlog
D:\Documents\Ассемблер\ЛР10VS C++СТРОКИ\lab_10\lab_10\Debug\link-cvtres.write.1.tlog
D:\Documents\Ассемблер\ЛР10VS C++СТРОКИ\lab_10\lab_10\Debug\link-rc.read.1.tlog
D:\Documents\Ассемблер\ЛР10VS C++СТРОКИ\lab_10\lab_10\Debug\link-rc.write.1.tlog
D:\Documents\Ассемблер\ЛР10VS C++СТРОКИ\lab_10\lab_10\Debug\link.command.1.tlog
D:\Documents\Ассемблер\ЛР10VS C++СТРОКИ\lab_10\lab_10\Debug\link.read.1.tlog
D:\Documents\Ассемблер\ЛР10VS C++СТРОКИ\lab_10\lab_10\Debug\link.write.1.tlog
D:\Documents\Ассемблер\ЛР10VS C++СТРОКИ\lab_10\lab_10\Debug\lab_10.pch
D:\Documents\Ассемблер\ЛР10VS C++СТРОКИ\lab_10\lab_10\Debug\vc110.idb
D:\Documents\Ассемблер\ЛР10VS C++СТРОКИ\lab_10\lab_10\Debug\vc110.pdb
D:\Documents\Ассемблер\ЛР10VS C++СТРОКИ\lab_10\Debug\lab_10.pdb
D:\Documents\Ассемблер\ЛР10VS C++СТРОКИ\lab_10\Debug\lab_10.exe
D:\Documents\Ассемблер\ЛР10VS C++СТРОКИ\lab_10\Debug\lab_10.ilk
